<?xml version="1.0" encoding="UTF-8"?>
<testng-results ignored="0" total="5" passed="5" failed="0" skipped="0">
  <reporter-output>
  </reporter-output>
  <suite started-at="2023-02-26T03:02:00Z" name="TestSuite" finished-at="2023-02-26T03:02:52Z" duration-ms="51870">
    <groups>
    </groups>
    <test started-at="2023-02-26T03:02:00Z" name="Tests" finished-at="2023-02-26T03:02:52Z" duration-ms="51870">
      <class name="com.test.project.tests.ExampleTest">
        <test-method is-config="true" signature="beforeMethod()[pri:0, instance:com.test.project.tests.ExampleTest@3bb9a3ff]" started-at="2023-02-26T03:02:00Z" name="beforeMethod" finished-at="2023-02-26T03:02:10Z" duration-ms="10565" status="PASS">
          <reporter-output>
          </reporter-output>
        </test-method> <!-- beforeMethod -->
        <test-method signature="verifyAddRemoveElementsFunctionality()[pri:0, instance:com.test.project.tests.ExampleTest@3bb9a3ff]" started-at="2023-02-26T03:02:10Z" name="verifyAddRemoveElementsFunctionality" finished-at="2023-02-26T03:02:11Z" duration-ms="1115" status="PASS">
          <reporter-output>
          </reporter-output>
        </test-method> <!-- verifyAddRemoveElementsFunctionality -->
        <test-method is-config="true" signature="afterTest()[pri:0, instance:com.test.project.tests.ExampleTest@3bb9a3ff]" started-at="2023-02-26T03:02:11Z" name="afterTest" finished-at="2023-02-26T03:02:12Z" duration-ms="122" status="PASS">
          <reporter-output>
          </reporter-output>
        </test-method> <!-- afterTest -->
        <test-method is-config="true" signature="beforeMethod()[pri:0, instance:com.test.project.tests.ExampleTest@3bb9a3ff]" started-at="2023-02-26T03:02:12Z" name="beforeMethod" finished-at="2023-02-26T03:02:19Z" duration-ms="7932" status="PASS">
          <reporter-output>
          </reporter-output>
        </test-method> <!-- beforeMethod -->
        <test-method signature="verifyCheckBoxFunctionality()[pri:0, instance:com.test.project.tests.ExampleTest@3bb9a3ff]" started-at="2023-02-26T03:02:19Z" name="verifyCheckBoxFunctionality" finished-at="2023-02-26T03:02:20Z" duration-ms="863" status="PASS">
          <reporter-output>
          </reporter-output>
        </test-method> <!-- verifyCheckBoxFunctionality -->
        <test-method is-config="true" signature="afterTest()[pri:0, instance:com.test.project.tests.ExampleTest@3bb9a3ff]" started-at="2023-02-26T03:02:20Z" name="afterTest" finished-at="2023-02-26T03:02:20Z" duration-ms="120" status="PASS">
          <reporter-output>
          </reporter-output>
        </test-method> <!-- afterTest -->
        <test-method is-config="true" signature="beforeMethod()[pri:0, instance:com.test.project.tests.ExampleTest@3bb9a3ff]" started-at="2023-02-26T03:02:20Z" name="beforeMethod" finished-at="2023-02-26T03:02:28Z" duration-ms="7850" status="PASS">
          <reporter-output>
          </reporter-output>
        </test-method> <!-- beforeMethod -->
        <test-method signature="verifyDropdownFunctionality()[pri:0, instance:com.test.project.tests.ExampleTest@3bb9a3ff]" started-at="2023-02-26T03:02:28Z" name="verifyDropdownFunctionality" finished-at="2023-02-26T03:02:29Z" duration-ms="1013" status="PASS">
          <reporter-output>
          </reporter-output>
        </test-method> <!-- verifyDropdownFunctionality -->
        <test-method is-config="true" signature="afterTest()[pri:0, instance:com.test.project.tests.ExampleTest@3bb9a3ff]" started-at="2023-02-26T03:02:29Z" name="afterTest" finished-at="2023-02-26T03:02:29Z" duration-ms="116" status="PASS">
          <reporter-output>
          </reporter-output>
        </test-method> <!-- afterTest -->
        <test-method is-config="true" signature="beforeMethod()[pri:0, instance:com.test.project.tests.ExampleTest@3bb9a3ff]" started-at="2023-02-26T03:02:29Z" name="beforeMethod" finished-at="2023-02-26T03:02:38Z" duration-ms="8422" status="PASS">
          <reporter-output>
          </reporter-output>
        </test-method> <!-- beforeMethod -->
        <test-method signature="verifyForgotPasswordFunctionality()[pri:0, instance:com.test.project.tests.ExampleTest@3bb9a3ff]" started-at="2023-02-26T03:02:38Z" name="verifyForgotPasswordFunctionality" finished-at="2023-02-26T03:02:41Z" duration-ms="2807" status="PASS">
          <reporter-output>
          </reporter-output>
        </test-method> <!-- verifyForgotPasswordFunctionality -->
        <test-method is-config="true" signature="afterTest()[pri:0, instance:com.test.project.tests.ExampleTest@3bb9a3ff]" started-at="2023-02-26T03:02:41Z" name="afterTest" finished-at="2023-02-26T03:02:41Z" duration-ms="162" status="PASS">
          <reporter-output>
          </reporter-output>
        </test-method> <!-- afterTest -->
        <test-method is-config="true" signature="beforeMethod()[pri:0, instance:com.test.project.tests.ExampleTest@3bb9a3ff]" started-at="2023-02-26T03:02:41Z" name="beforeMethod" finished-at="2023-02-26T03:02:49Z" duration-ms="8579" status="PASS">
          <reporter-output>
          </reporter-output>
        </test-method> <!-- beforeMethod -->
        <test-method signature="verifyInputsFunctionality()[pri:0, instance:com.test.project.tests.ExampleTest@3bb9a3ff]" started-at="2023-02-26T03:02:49Z" name="verifyInputsFunctionality" finished-at="2023-02-26T03:02:51Z" duration-ms="2070" status="PASS">
          <reporter-output>
          </reporter-output>
        </test-method> <!-- verifyInputsFunctionality -->
        <test-method is-config="true" signature="afterTest()[pri:0, instance:com.test.project.tests.ExampleTest@3bb9a3ff]" started-at="2023-02-26T03:02:51Z" name="afterTest" finished-at="2023-02-26T03:02:52Z" duration-ms="122" status="PASS">
          <reporter-output>
          </reporter-output>
        </test-method> <!-- afterTest -->
      </class> <!-- com.test.project.tests.ExampleTest -->
    </test> <!-- Tests -->
  </suite> <!-- TestSuite -->
</testng-results>
