<?xml version="1.0" encoding="UTF-8"?>
<!-- Generated by org.testng.reporters.JUnitXMLReporter -->
<testsuite ignored="0" hostname="dameeshas-air" failures="0" tests="6" name="Tests" time="70.495" errors="0" timestamp="27 Feb 2023 06:14:44 GMT">
  <testcase classname="com.test.project.tests.ExampleTest" name="verifyAddRemoveElementsFunctionality" time="2.194"/>
  <testcase classname="com.test.project.tests.ExampleTest" name="verifyCheckBoxFunctionality" time="1.992"/>
  <testcase classname="com.test.project.tests.ExampleTest" name="verifyDropdownFunctionality" time="2.002"/>
  <testcase classname="com.test.project.tests.ExampleTest" name="verifyForgotPasswordFunctionality" time="2.743"/>
  <testcase classname="com.test.project.tests.ExampleTest" name="verifyHoverFunctionality" time="3.278"/>
  <testcase classname="com.test.project.tests.ExampleTest" name="verifyInputsFunctionality" time="3.207"/>
</testsuite> <!-- Tests -->
