<?xml version="1.0" encoding="UTF-8"?>
<!-- Generated by org.testng.reporters.JUnitXMLReporter -->
<testsuite ignored="0" hostname="dameeshas-air" failures="0" tests="5" name="Tests" time="51.87" errors="0" timestamp="26 Feb 2023 03:02:52 GMT">
  <testcase classname="com.test.project.tests.ExampleTest" name="verifyAddRemoveElementsFunctionality" time="1.115"/>
  <testcase classname="com.test.project.tests.ExampleTest" name="verifyCheckBoxFunctionality" time="0.863"/>
  <testcase classname="com.test.project.tests.ExampleTest" name="verifyDropdownFunctionality" time="1.013"/>
  <testcase classname="com.test.project.tests.ExampleTest" name="verifyForgotPasswordFunctionality" time="2.807"/>
  <testcase classname="com.test.project.tests.ExampleTest" name="verifyInputsFunctionality" time="2.07"/>
</testsuite> <!-- Tests -->
